<? xml versión = " 1.0 " codificación = " UTF-8 " ?>
< testsuite  tests = " 1 "  failures = " 0 "  name = " pe.edu.upeu.AppTest "  time = " 0.005 "  errors = " 0 "  skipped = " 0 " >
  < propiedades >
    < property  name = " java.runtime.name "  value = " Java (TM) SE Runtime Environment " />
    < nombre de propiedad  = " java.vm.version " value = " 11.0.11 + 9-LTS-194 " /> 
    < property  name = " sun.boot.library.path "  value = " C: \ Archivos de programa \ Java \ jdk-11.0.11 \ bin " />
    < nombre de propiedad  = " user.country.format " value = " PE " /> 
    < nombre de propiedad  = " maven.multiModuleProjectDirectory " value = " D: \ DESARROLLO-2021 \ REPOSITORIO LOCAL \ FP-2021-G3 \ ProyectoMaven " /> 
    < property  name = " java.vm.vendor "  value = " Oracle Corporation " />
    < nombre de propiedad  = " java.vendor.url " value = " https://openjdk.java.net/ " /> 
    < nombre de propiedad  = " guice.disable.misplaced.annotation.check " value = " true " /> 
    < nombre de propiedad  = " ruta.separador " valor = " ; " /> 
    < property  name = " java.vm.name "  value = " Java HotSpot (TM) Servidor VM de 64 bits " />
    < property  name = " sun.os.patch.level "  value = " Service Pack 1 " />
    < nombre de propiedad  = " user.script " value = " " /> 
    < nombre de propiedad  = " usuario.país " valor = " EE. UU. " /> 
    < nombre de propiedad  = " sun.java.launcher " value = " SUN_STANDARD " /> 
    < property  name = " java.vm.specification.name "  value = " Java Virtual Machine Specification " />
    < property  name = " user.dir "  value = " D: \ DESARROLLO-2021 \ REPOSITORIO LOCAL \ FP-2021-G3 \ ProyectoMaven " />
    < nombre de propiedad  = " java.vm.compressedOopsMode " value = " 32 bits " /> 
    < nombre de propiedad  = " java.runtime.version " value = " 11.0.11 + 9-LTS-194 " /> 
    < nombre de propiedad  = " java.awt.graphicsenv " value = " sun.awt.Win32GraphicsEnvironment " /> 
    < propiedad  nombre = " os.arch "  value = " amd64 " />
    < property  name = " java.io.tmpdir "  value = " C: \ Users \ davidmp \ AppData \ Local \ Temp \ " />
    < nombre de propiedad  = " line.separator " value = " 
" />
    < property  name = " java.vm.specification.vendor "  value = " Oracle Corporation " />
    < nombre de propiedad  = " user.variant " value = " " /> 
    < property  name = " os.name "  value = " Windows 7 " />
    < propiedad  nombre = " classworlds.conf "  value = " D: \ DESARROLLO-2021 \ apache-maven-3.8.1 \ bin \ .. \ bin \ m2.conf " />
    < property  name = " sun.jnu.encoding "  value = " Cp1252 " />
    <nombre de propiedad = "java.library.path" value = "C: \ Archivos de programa \ Java \ jdk-11.0.11 \ bin; C: \ windows \ Sun \ Java \ bin; C: \ windows \ system32; C: \ windows; C: \ Archivos de programa \ Archivos comunes \ Microsoft Shared \ Windows Live; C: \ Archivos de programa (x86) \ Archivos comunes \ Microsoft Shared \ Windows Live; C: \ windows \ system32; C: \ windows; C: \ windows \ System32 \ Wbem; C: \ windows \ System32 \ WindowsPowerShell \ v1.0 \; C: \ Archivos de programa \ PowerShell \ 6 \; C: \ Archivos de programa (x86) \ Windows Live \ Shared; C: \ Programa Archivos \ R \ RSuiteCLI \; D: \ DAVIDMP 2018 \ AMBIENTES DE PRUEBAS DE SOFTWARE \ apache-ant-1.9.11 \ bin; C: \ jruby-9.1.16.0 \ bin; D: \ DESARROLLO ANDROID \ openssl-0.9. 8k_X64 \ bin; D: \ TESTDRIVERS; C: \ Users \ davidmp \ Anaconda3 \ Scripts; C: \ Users \ davidmp \ Anaconda3; C: \ Archivos de programa (x86) \ Statgraphics \ STATGRAPHICS Centurion XVI.I \; C: \ Archivos de programa (x86) \ Yarn \ bin \; C: \ DATOS 2019 \ gradle-6.5.1 \ bin; C:\ LP2 U2 \ mongodb-win32-x86_64-2008plus-ssl-4.0.4 \ bin; C: \ Archivos de programa \ Oberthur Technologies \ AuthentIC Webpack \ Dlls; C: \ Archivos de programa (x86) \ Oberthur Technologies \ AuthentIC Webpack \ Dlls ; C: \ LINGO64_18 \; C: \ DATOS 2019 \ kotlinc \ bin; C: \ DATOS 2019 \ flutter \ bin; C: \ Users \ davidmp \ .cargo \ bin; D: \ DESARROLLO ANDROID \ sdk \ platform-tools ; C: \ Users \ davidmp \ Anaconda3 \ Lib \ site-packages; C: \ msys64 \ mingw64 \ bin; E: \ xampp \ php; C: \ composer; C: \ Archivos de programa \ nodejs \;% M2_HOME% \ bin; C: \ Archivos de programa (x86) \ scala \ bin; C: \ Archivos de programa \ MiKTeX \ miktex \ bin \ x64 \; C: \ Strawberry \ c \ bin; C: \ Strawberry \ perl \ site \ bin; C: \ Strawberry \ perl \ bin; D: \ DAVIDMP 2020 \ TESIS EDUCACION \ opencv \ build \ java; C: \ Archivos de programa \ CMake \ bin; C: \ Archivos de programa \ Git \ cmd; C: \ Archivos de programa \ Git \ mingw64 \ bin; C: \ Archivos de programa \ Git \ usr \ bin; C: \ Archivos de programa \ Java \ jdk-11.0.11 \ bin; D: \ DESARROLLO-2021 \ apache-maven-3.8.1 \ bin ; C: \ Usuarios \ davidmp \.cargo \ bin; c: \ jruby-9.1.16.0 \ bin; C: \ Ruby25-x64 \ bin; C: \ Users \ davidmp \ AppData \ Local \ Yarn \ bin; C: \ Archivos de programa \ JetBrains \ PyCharm Community Edition 2019.1.1 \ bin ;; C: \ Users \ davidmp \ AppData \ Roaming \ Composer \ vendor \ bin; C: \ Users \ davidmp \ AppData \ Roaming \ npm;. "/>
    < propiedad  nombre = " maven.conf "  value = " D: \ DESARROLLO-2021 \ apache-maven-3.8.1 \ bin \ ../ conf " />
    < property  name = " jdk.debug "  value = " release " />
    < propiedad  nombre = " java.class.version "  value = " 55.0 " />
    < property  name = " java.specification.name "  value = " Especificación de la API de la plataforma Java " />
    < property  name = " sun.management.compiler "  value = " Compiladores por niveles de HotSpot de 64 bits " />
    < nombre de propiedad  = " os.version " value = " 6.1 " /> 
    < propiedad  name = " library.jansi.path "  value = " D: \ DESARROLLO-2021 \ apache-maven-3.8.1 \ bin \ .. \ lib \ jansi-native " />
    < property  name = " user.home "  value = " C: \ Users \ davidmp " />
    < property  name = " user.timezone "  value = " America / Bogota " />
    < nombre de propiedad  = " java.awt.printerjob " value = " sun.awt.windows.WPrinterJob " /> 
    < nombre de propiedad  = " file.encoding " value = " Cp1252 " /> 
    < nombre de propiedad  = " java.specification.version " value = " 11 " /> 
    < property  name = " user.name "  value = " davidmp " />
    < propiedad  nombre = " java.class.path "  value = " D: \ DESARROLLO-2021 \ apache-maven-3.8.1 \ bin \ .. \ boot \ plexus-classworlds-2.6.0.jar " />
    < nombre de propiedad  = " java.vm.specification.version " value = " 11 " /> 
    < propiedad  name = " sun.arch.data.model "  value = " 64 " />
    < property  name = " sun.java.command "  value = " org.codehaus.plexus.classworlds.launcher.Launcher clean package " />
    < propiedad  nombre = " java.home "  value = " C: \ Archivos de programa \ Java \ jdk-11.0.11 " />
    < nombre de propiedad  = " user.language " value = " en " /> 
    < property  name = " java.specification.vendor "  value = " Oracle Corporation " />
    < nombre de propiedad  = " user.language.format " value = " es " /> 
    < nombre de propiedad  = " awt.toolkit " value = " sun.awt.windows.WToolkit " /> 
    < property  name = " java.vm.info "  value = " modo mixto " />
    < propiedad  nombre = " java.version "  value = " 11.0.11 " />
    < propiedad  nombre = " java.vendor "  value = " Oracle Corporation " />
    < nombre de propiedad  = " sun.stderr.encoding " value = " cp65001 " /> 
    < propiedad  nombre = " maven.home "  value = " D: \ DESARROLLO-2021 \ apache-maven-3.8.1 \ bin \ .. " />
    < nombre de propiedad  = " file.separator " value = " \ " /> 
    < property  name = " java.version.date "  value = " 2021-04-20 " />
    < property  name = " java.vendor.url.bug "  value = " https://bugreport.java.com/bugreport/ " />
    < nombre de propiedad  = " sun.io.unicode.encoding " value = " UnicodeLittle " /> 
    < property  name = " sun.cpu.endian "  value = " little " />
    < propiedad  nombre = " java.vendor.version "  value = " 18.9 " />
    < nombre de propiedad  = " sun.stdout.encoding " value = " cp65001 " /> 
    < property  name = " sun.desktop "  value = " windows " />
    < property  name = " sun.cpu.isalist "  value = " amd64 " />
  </ propiedades >
  < testcase  classname = " pe.edu.upeu.AppTest "  name = " testApp "  time = " 0.005 " />
</ testsuite >